2020-08-14 08:03:44:344 info: API Server Running at::
2020-08-14 08:04:19:419 info: API Server Running at--3001
2020-08-14 08:05:20:520 info: API Server Running at--3001
2020-08-14 08:05:20:520 info: API Server Running at--3001
2020-08-14 08:05:35 info: API Server Running at--3001
2020-08-14 08:06:43 info: API Server Running at--3001
2020-08-14 08:06:43 info: API Server Running at--3001
2020-08-14 08:07:01 info: API Server Running at--3001
2020-08-14 08:07:01 info: API Server Running at--3001
2020-08-14 08:07:21 info: API Server Running at--3001
2020-08-14 08:07:31 info: API Server Running at--3001
2020-08-14 08:07:46 info: API Server Running at--3001
2020-08-14 08:08:41 info: API Server Running at--3001
2020-08-14 08:08:52 info: API Server Running at--3001
2020-08-14 08:09:52 info: API Server Running at--3001
2020-08-14 08:09:53 info: API Server Running at--3001
2020-08-14 08:10:11 info: API Server Running at--3001
2020-08-14 08:10:39 info: API Server Running at--3001
2020-08-14 08:11:48 info: API Server Running at--3001
2020-08-14 08:11:49 info: API Server Running at--3001
2020-08-14 08:12:35 info: API Server Running at--3001
2020-08-14 08:13:03 info: API Server Running at--3001
2020-08-14 08:13:12 info: API Server Running at--3001
2020-08-14 08:13:25 info: API Server Running at--3001
2020-08-14 08:14:30 info: API Server Running at--3001
2020-08-14 08:14:50 info: API Server Running at--3001
2020-08-14 08:14:50 info: API Server Running at--3001
2020-08-14 08:15:05 info: API Server Running at--3001
2020-08-14 08:15:52 info: API Server Running at--3001
2020-08-14 08:15:53 info: API Server Running at--3001
2020-08-14 08:16:19 info: API Server Running at--3001
2020-08-14 08:16:52 info: API Server Running at--3001
2020-08-14 08:16:53 info: DB Connection Success[object Object]
2020-08-14 08:17:47 info: API Server Running at--3001
2020-08-14 08:17:47 info: DB Connection Success[object Object]
2020-08-14 08:18:00 info: API Server Running at--3001
2020-08-14 08:18:00 info: DB Connection Success
2020-08-14 08:18:13 info: API Server Running at:3001
2020-08-14 08:18:13 info: DB Connection Success
2020-08-14 08:18:52 info: API Server Running at:3001
2020-08-14 08:18:53 info: DB Connection Success
2020-08-14 08:19:15 info: API Server Running at:3001
2020-08-14 08:19:15 info: DB Connection Success
2020-08-14 08:19:30 info: API Server Running at:3001
2020-08-14 08:19:30 info: DB Connection Success
2020-08-14 08:19:48 info: API Server Running at:3001
2020-08-14 08:19:48 info: DB Connection Success
2020-08-14 08:19:56 info: API Server Running at:3001
2020-08-14 08:19:56 info: DB Connection Success
2020-08-14 08:20:01 info: API Server Running at:3001
2020-08-14 08:20:02 info: DB Connection Success
2020-08-14 08:20:08 info: API Server Running at:3001
2020-08-14 08:20:08 info: DB Connection Success
2020-08-14 08:20:25 info: API Server Running at:3001
2020-08-14 08:20:25 info: DB Connection Success
